

> netlify-blob-build@0.1.0 build /Users/timothypeterson/dev/tmrp/netlify-blob-build/apps/some-web-app
> next build

  [1m[38;2;173;127;168m ▲ Next.js 14.1.3[39m[22m

[?25l [37m[1m [22m[39m Linting and checking validity of types  [36m.[39m[2K[1G [37m[1m [22m[39m Linting and checking validity of types  [36m..[39m[2K[1G [37m[1m [22m[39m Linting and checking validity of types  [36m...[39m[2K[1G [37m[1m [22m[39m Linting and checking validity of types  [36m.[39m[2K[1G [37m[1m [22m[39m Linting and checking validity of types  [36m..[39m[2K[1G[?25h [37m[1m [22m[39m Linting and checking validity of types     [32m[1m✓[22m[39m Linting and checking validity of types 
 [37m[1m [22m[39m Creating an optimized production build ...
 [32m[1m✓[22m[39m Compiled successfully
[?25l [37m[1m [22m[39m Collecting page data  [36m.[39m[2K[1G[?25h [37m[1m [22m[39m Collecting page data     [32m[1m✓[22m[39m Collecting page data 
[?25l [37m[1m [22m[39m Generating static pages (0/3)  [36m[    ][39m[2K[1G[?25h [32m[1m✓[22m[39m Generating static pages (3/3) 
[?25l [37m[1m [22m[39m Finalizing page optimization  [36m.[39m[?25l [37m[1m [22m[39m Collecting build traces  [36m.[39m[2K[1G[?25h [37m[1m [22m[39m Collecting build traces     [32m[1m✓[22m[39m Collecting build traces 
[2K[1G[?25h [37m[1m [22m[39m Finalizing page optimization     [32m[1m✓[22m[39m Finalizing page optimization 

[4mRoute (pages)[24m                             [4mSize[24m     [4mFirst Load JS[24m
┌ ○ /                                     257 B          [37m[1m78.2 kB[22m[39m
├   /_app                                 0 B            [37m[1m77.9 kB[22m[39m
└ ○ /404                                  181 B          [37m[1m78.1 kB[22m[39m
+ First Load JS shared by all             [37m[1m77.9 kB[22m[39m
  ├ chunks/framework-75d4573cadc94757.js  45.2 kB
  ├ chunks/main-e5ad8ae8110ef3f3.js       31.7 kB
  └ other shared chunks (total)           985 B

○  (Static)  prerendered as static content

[?25h
